\BOOKMARK [1][-]{section*.1}{\376\377\000C\000o\000u\000r\000s\000e\000\040\000S\000c\000h\000e\000d\000u\000l\000e}{}% 1
\BOOKMARK [2][-]{section*.2}{\376\377\000W\000e\000e\000k\000\040\0001\000:\000\040\000Y\000o\000u\000\040\000d\000o\000\040\000w\000h\000a\000t\000?}{section*.1}% 2
\BOOKMARK [3][-]{section*.3}{\376\377\000R\000e\000a\000d\000i\000n\000g\000s\000:}{section*.2}% 3
\BOOKMARK [3][-]{section*.4}{\376\377\000A\000s\000s\000i\000g\000n\000m\000e\000n\000t\000:}{section*.2}% 4
\BOOKMARK [3][-]{section*.5}{\376\377\000I\000n\000-\000C\000l\000a\000s\000s\000\040\000A\000c\000t\000i\000v\000i\000t\000i\000e\000s}{section*.2}% 5
\BOOKMARK [2][-]{section*.6}{\376\377\000W\000e\000e\000k\000\040\0002\000:\000\040\000W\000h\000a\000t\000\040\000d\000o\000e\000s\000\040\000a\000\040\000d\000i\000g\000i\000t\000a\000l\000\040\000h\000u\000m\000a\000n\000i\000s\000t\000\040\000d\000o\000?}{section*.1}% 6
\BOOKMARK [3][-]{section*.7}{\376\377\000R\000e\000a\000d\000i\000n\000g\000s\000:}{section*.6}% 7
\BOOKMARK [3][-]{section*.8}{\376\377\000A\000s\000s\000i\000g\000n\000m\000e\000n\000t\000:}{section*.6}% 8
\BOOKMARK [2][-]{section*.9}{\376\377\000W\000e\000e\000k\000\040\0003\000:\000\040\000F\000o\000r\000m\000\040\000a\000n\000d\000\040\000c\000o\000n\000t\000e\000n\000t\000:\000\040\000W\000h\000a\000t\000'\000s\000\040\000t\000h\000e\000\040\000D\000i\000f\000f\000e\000r\000e\000n\000c\000e\000?}{section*.1}% 9
\BOOKMARK [3][-]{section*.10}{\376\377\000R\000e\000a\000d\000i\000n\000g\000s\000:}{section*.9}% 10
\BOOKMARK [3][-]{section*.11}{\376\377\000A\000s\000s\000i\000g\000n\000m\000e\000n\000t\000:}{section*.9}% 11
\BOOKMARK [2][-]{section*.12}{\376\377\000W\000e\000e\000k\000\040\0004\000:\000\040\000P\000u\000b\000l\000i\000s\000h\000i\000n\000g\000\040\000C\000l\000a\000s\000s\000\040\000S\000i\000n\000g\000l\000e\000-\000S\000o\000u\000r\000c\000e\000\040\000D\000i\000s\000c\000u\000s\000s\000i\000o\000n\000\040\000o\000f\000\040\000`\000`\000W\000h\000a\000t\000\040\000i\000s\000\040\000D\000H\000'\000'\000?}{section*.1}% 12
\BOOKMARK [3][-]{section*.13}{\376\377\000A\000s\000s\000i\000g\000n\000m\000e\000n\000t\000s\000:}{section*.12}% 13
\BOOKMARK [2][-]{section*.14}{\376\377\000W\000e\000e\000k\000\040\0005\000:\000\040\000G\000e\000t\000t\000i\000n\000g\000\040\000t\000o\000\040\000t\000h\000e\000\040\000T\000e\000x\000t}{section*.1}% 14
\BOOKMARK [3][-]{section*.15}{\376\377\000R\000e\000a\000d\000i\000n\000g\000s\000:}{section*.14}% 15
\BOOKMARK [3][-]{section*.16}{\376\377\000A\000s\000s\000i\000g\000n\000m\000e\000n\000t\000:}{section*.14}% 16
\BOOKMARK [2][-]{section*.17}{\376\377\000W\000e\000e\000k\000\040\0006\000:\000\040\000B\000a\000c\000k\000\040\000t\000o\000\040\000t\000h\000e\000\040\000a\000r\000c\000h\000i\000v\000e\000\040\000a\000g\000a\000i\000n}{section*.1}% 17
\BOOKMARK [3][-]{section*.18}{\376\377\000R\000e\000a\000d\000i\000n\000g\000s\000:}{section*.17}% 18
\BOOKMARK [3][-]{section*.19}{\376\377\000A\000s\000s\000i\000g\000n\000m\000e\000n\000t\000:}{section*.17}% 19
\BOOKMARK [2][-]{section*.20}{\376\377\000W\000e\000e\000k\000\040\0007\000:}{section*.1}% 20
\BOOKMARK [3][-]{section*.21}{\376\377\000R\000e\000a\000d\000i\000n\000g\000s\000:}{section*.20}% 21
\BOOKMARK [3][-]{section*.22}{\376\377\000A\000s\000s\000i\000g\000n\000m\000e\000n\000t\000:}{section*.20}% 22
\BOOKMARK [2][-]{section*.23}{\376\377\000W\000e\000e\000k\000\040\0008\000:\000\040\000T\000e\000x\000t\000\040\000p\000i\000c\000t\000u\000r\000e\000s\000\040\000a\000r\000e\000\040\000w\000o\000r\000d\000s}{section*.1}% 23
\BOOKMARK [3][-]{section*.24}{\376\377\000R\000e\000a\000d\000i\000n\000g\000s\000:}{section*.23}% 24
\BOOKMARK [3][-]{section*.25}{\376\377\000A\000s\000s\000i\000g\000n\000m\000e\000n\000t\000:}{section*.23}% 25
\BOOKMARK [2][-]{section*.26}{\376\377\000W\000e\000e\000k\000\040\0009\000:\000\040\000W\000h\000a\000t\000\040\000i\000s\000\040\000t\000e\000x\000t\000,\000\040\000r\000e\000a\000l\000l\000y\000?}{section*.1}% 26
\BOOKMARK [3][-]{section*.27}{\376\377\000R\000e\000a\000d\000i\000n\000g\000s\000:}{section*.26}% 27
\BOOKMARK [3][-]{section*.28}{\376\377\000A\000s\000s\000i\000g\000n\000m\000e\000n\000t\000:}{section*.26}% 28
\BOOKMARK [2][-]{section*.29}{\376\377\000W\000e\000e\000k\000\040\0001\0000\000:\000\040\000A\000l\000l\000\040\000h\000a\000n\000g\000\040\000t\000o\000g\000e\000t\000h\000e\000r\000,\000\040\000o\000r\000\040\000a\000l\000l\000\040\000h\000a\000n\000g\000\040\000s\000e\000p\000a\000r\000a\000t\000e\000l\000y}{section*.1}% 29
\BOOKMARK [3][-]{section*.30}{\376\377\000R\000e\000a\000d\000i\000n\000g\000s\000:}{section*.29}% 30
\BOOKMARK [3][-]{section*.31}{\376\377\000A\000s\000s\000i\000g\000n\000m\000e\000n\000t\000:}{section*.29}% 31
\BOOKMARK [2][-]{section*.32}{\376\377\000W\000e\000e\000k\000\040\0001\0001\000:\000\040\000G\000a\000t\000h\000e\000r\000i\000n\000g\000\040\000o\000u\000r\000\040\000w\000a\000r\000e\000s}{section*.1}% 32
\BOOKMARK [3][-]{section*.33}{\376\377\000R\000e\000a\000d\000i\000n\000g\000s\000:}{section*.32}% 33
\BOOKMARK [3][-]{section*.34}{\376\377\000A\000s\000s\000i\000g\000n\000m\000e\000n\000t\000:}{section*.32}% 34
\BOOKMARK [2][-]{section*.35}{\376\377\000W\000e\000e\000k\000\040\0001\0002\000:\000\040\000I\000f\000\040\000w\000e\000\040\000b\000u\000i\000l\000d\000\040\000i\000t\000,\000\040\000w\000i\000l\000l\000\040\000t\000h\000e\000y\000\040\000c\000o\000m\000e\000?}{section*.1}% 35
\BOOKMARK [3][-]{section*.36}{\376\377\000R\000e\000a\000d\000i\000n\000g\000s\000:}{section*.35}% 36
\BOOKMARK [3][-]{section*.37}{\376\377\000A\000s\000s\000i\000g\000n\000m\000e\000n\000t\000:}{section*.35}% 37
\BOOKMARK [2][-]{section*.38}{\376\377\000W\000e\000e\000k\000\040\0001\0003\000:\000\040\000W\000h\000o\000\040\000i\000s\000\040\000o\000u\000r\000\040\000a\000u\000d\000i\000e\000n\000c\000e\000?}{section*.1}% 38
\BOOKMARK [3][-]{section*.39}{\376\377\000R\000e\000a\000d\000i\000n\000g\000s\000:}{section*.38}% 39
\BOOKMARK [3][-]{section*.40}{\376\377\000A\000s\000s\000i\000g\000n\000m\000e\000n\000t\000:}{section*.38}% 40
\BOOKMARK [2][-]{section*.41}{\376\377\000W\000e\000e\000k\000\040\0001\0004\000:\000\040\000I\000s\000\040\000t\000h\000i\000s\000\040\000l\000e\000g\000a\000l\000?}{section*.1}% 41
\BOOKMARK [3][-]{section*.42}{\376\377\000R\000e\000a\000d\000i\000n\000g\000s\000:}{section*.41}% 42
\BOOKMARK [3][-]{section*.43}{\376\377\000A\000s\000s\000i\000g\000n\000m\000e\000n\000t\000:}{section*.41}% 43
\BOOKMARK [2][-]{section*.44}{\376\377\000W\000e\000e\000k\000\040\0001\0005\000:\000\040\000S\000h\000a\000r\000i\000n\000g\000\040\000o\000u\000r\000\040\000w\000a\000r\000e\000s}{section*.1}% 44
\BOOKMARK [3][-]{section*.45}{\376\377\000R\000e\000a\000d\000i\000n\000g\000s\000:}{section*.44}% 45
\BOOKMARK [3][-]{section*.46}{\376\377\000A\000s\000s\000i\000g\000n\000m\000e\000n\000t\000:}{section*.44}% 46
